\BOOKMARK [0][-]{chapter.1}{Getting Started}{}% 1
\BOOKMARK [1][-]{section.1.1}{Your Development Environment}{chapter.1}% 2
\BOOKMARK [1][-]{section.1.2}{Setting Up Your Environment}{chapter.1}% 3
\BOOKMARK [1][-]{section.1.3}{Beginning a Django Project}{chapter.1}% 4
\BOOKMARK [0][-]{chapter.2}{Using Models}{}% 5
\BOOKMARK [1][-]{section.2.1}{Configuring the Database}{chapter.2}% 6
\BOOKMARK [1][-]{section.2.2}{Creating a Model}{chapter.2}% 7
\BOOKMARK [1][-]{section.2.3}{Interacting with the Model}{chapter.2}% 8
\BOOKMARK [1][-]{section.2.4}{Writing a Test}{chapter.2}% 9
\BOOKMARK [1][-]{section.2.5}{Review}{chapter.2}% 10
\BOOKMARK [0][-]{chapter.3}{Writing Views}{}% 11
\BOOKMARK [1][-]{section.3.1}{View Basics}{chapter.3}% 12
\BOOKMARK [1][-]{section.3.2}{Generic \046 Class Based Views}{chapter.3}% 13
\BOOKMARK [1][-]{section.3.3}{Class Based Views}{chapter.3}% 14
\BOOKMARK [1][-]{section.3.4}{Listing Contacts}{chapter.3}% 15
\BOOKMARK [1][-]{section.3.5}{Defining URLs}{chapter.3}% 16
\BOOKMARK [1][-]{section.3.6}{Creating the Template}{chapter.3}% 17
\BOOKMARK [1][-]{section.3.7}{Creating Contacts}{chapter.3}% 18
\BOOKMARK [1][-]{section.3.8}{Testing Your Views}{chapter.3}% 19
\BOOKMARK [1][-]{section.3.9}{Integration Tests}{chapter.3}% 20
\BOOKMARK [1][-]{section.3.10}{Review}{chapter.3}% 21
\BOOKMARK [0][-]{chapter.4}{Using Static Assets}{}% 22
\BOOKMARK [1][-]{section.4.1}{Adding Static Files}{chapter.4}% 23
\BOOKMARK [1][-]{section.4.2}{Referring to Static Files in Templates}{chapter.4}% 24
\BOOKMARK [1][-]{section.4.3}{Simple Template Inclusion}{chapter.4}% 25
\BOOKMARK [1][-]{section.4.4}{Serving Static Files}{chapter.4}% 26
\BOOKMARK [1][-]{section.4.5}{Review}{chapter.4}% 27
\BOOKMARK [0][-]{chapter.5}{Additional Generic Views}{}% 28
\BOOKMARK [1][-]{section.5.1}{Edit Views}{chapter.5}% 29
\BOOKMARK [1][-]{section.5.2}{Deleting Contacts}{chapter.5}% 30
\BOOKMARK [1][-]{section.5.3}{Detail View}{chapter.5}% 31
\BOOKMARK [0][-]{chapter.6}{Form Basics}{}% 32
\BOOKMARK [1][-]{section.6.1}{Adding Fields to the Form}{chapter.6}% 33
\BOOKMARK [1][-]{section.6.2}{Overriding the Default Form}{chapter.6}% 34
\BOOKMARK [1][-]{section.6.3}{Customizing Validation}{chapter.6}% 35
\BOOKMARK [1][-]{section.6.4}{Controlling Form Rendering}{chapter.6}% 36
\BOOKMARK [1][-]{section.6.5}{Testing Forms}{chapter.6}% 37
\BOOKMARK [1][-]{section.6.6}{Review}{chapter.6}% 38
\BOOKMARK [0][-]{chapter.7}{Related Models}{}% 39
\BOOKMARK [1][-]{section.7.1}{Adding Relationships}{chapter.7}% 40
\BOOKMARK [1][-]{section.7.2}{Editing Related Objects}{chapter.7}% 41
\BOOKMARK [0][-]{chapter.8}{Handling Authentication \046 Authorization}{}% 42
\BOOKMARK [1][-]{section.8.1}{Authentication}{chapter.8}% 43
\BOOKMARK [1][-]{section.8.2}{Authorization}{chapter.8}% 44
\BOOKMARK [1][-]{section.8.3}{Review}{chapter.8}% 45
